#
# There is insufficient memory for the Java Runtime Environment to continue.
# Native memory allocation (malloc) failed to allocate 269616 bytes for Chunk::new
# Possible reasons:
#   The system is out of physical RAM or swap space
#   The process is running with CompressedOops enabled, and the Java Heap may be blocking the growth of the native heap
# Possible solutions:
#   Reduce memory load on the system
#   Increase physical memory or swap space
#   Check if swap backing store is full
#   Decrease Java heap size (-Xmx/-Xms)
#   Decrease number of Java threads
#   Decrease Java thread stack sizes (-Xss)
#   Set larger code cache with -XX:ReservedCodeCacheSize=
#   JVM is running with Zero Based Compressed Oops mode in which the Java heap is
#     placed in the first 32GB address space. The Java Heap base address is the
#     maximum limit for the native heap growth. Please use -XX:HeapBaseMinAddress
#     to set the Java Heap base and to place the Java Heap above 32GB virtual address.
# This output file may be truncated or incomplete.
#
#  Out of Memory Error (arena.cpp:184), pid=9728, tid=17312
#
# JRE version: Java(TM) SE Runtime Environment (18.0+36) (build 18+36-2087)
# Java VM: Java HotSpot(TM) 64-Bit Server VM (18+36-2087, mixed mode, sharing, tiered, compressed oops, compressed class ptrs, g1 gc, windows-amd64)
# Core dump will be written. Default location: F:\BitBucket\credit-assessment-api\hs_err_pid9728.mdmp
#

---------------  S U M M A R Y ------------

Command Line: -Dfile.encoding=windows-1252 F:\BitBucket\credit-assessment-api\target\credit-assessment-rest.war

Host: Intel(R) Xeon(R) CPU E5-2670 0 @ 2.60GHz, 8 cores, 31G,  Windows Server 2019 , 64 bit Build 17763 (10.0.17763.2928)
Time: Thu Jun 16 17:15:00 2022 E. Australia Standard Time elapsed time: 164.599561 seconds (0d 0h 2m 44s)

---------------  T H R E A D  ---------------

Current thread (0x000001b7881fe7f0):  JavaThread "C2 CompilerThread0" daemon [_thread_in_native, id=17312, stack(0x000000378b000000,0x000000378b100000)]


Current CompileTask:
C2: 164599 16205       4       org.apache.catalina.core.ApplicationFilterFactory::createFilterChain (344 bytes)

Stack: [0x000000378b000000,0x000000378b100000]
Native frames: (J=compiled Java code, j=interpreted, Vv=VM code, C=native code)
V  [jvm.dll+0x69804a]
V  [jvm.dll+0x7f308d]
V  [jvm.dll+0x7f499e]
V  [jvm.dll+0x7f5053]
V  [jvm.dll+0x25ca3f]
V  [jvm.dll+0xb8c2f]
V  [jvm.dll+0xb8fa5]
V  [jvm.dll+0x385a31]
V  [jvm.dll+0x1d27c2]
V  [jvm.dll+0x22fd79]
V  [jvm.dll+0x22eff1]
V  [jvm.dll+0x1b9cfc]
V  [jvm.dll+0x23e8ca]
V  [jvm.dll+0x23cbac]
V  [jvm.dll+0x7a5781]
V  [jvm.dll+0x79fbba]
V  [jvm.dll+0x696ef5]
C  [ucrtbase.dll+0x2268a]
C  [KERNEL32.DLL+0x17974]
C  [ntdll.dll+0x5a2f1]


---------------  P R O C E S S  ---------------

Threads class SMR info:
_java_thread_list=0x000001b78f632f80, length=29, elements={
0x000001b7881d4410, 0x000001b7881d6020, 0x000001b7881f21b0, 0x000001b7881f2760,
0x000001b7881f8400, 0x000001b7881f9940, 0x000001b7881fe7f0, 0x000001b78ec22030,
0x000001b78ec3bce0, 0x000001b78ed5e410, 0x000001b78ed67130, 0x000001b790cf9740,
0x000001b790cf8400, 0x000001b790cfaf50, 0x000001b790cfb420, 0x000001b790cf8da0,
0x000001b7930015d0, 0x000001b793000760, 0x000001b793000c30, 0x000001b792ffcda0,
0x000001b792ffb0c0, 0x000001b792ffe0e0, 0x000001b792ffe5b0, 0x000001b792fffdc0,
0x000001b792ffba60, 0x000001b792ffea80, 0x000001b792ffd270, 0x000001b792ffef50,
0x000001b792fff420
}

Java Threads: ( => current thread )
  0x000001b7881d4410 JavaThread "Reference Handler" daemon [_thread_blocked, id=18776, stack(0x000000378aa00000,0x000000378ab00000)]
  0x000001b7881d6020 JavaThread "Finalizer" daemon [_thread_blocked, id=13480, stack(0x000000378ab00000,0x000000378ac00000)]
  0x000001b7881f21b0 JavaThread "Signal Dispatcher" daemon [_thread_blocked, id=21620, stack(0x000000378ac00000,0x000000378ad00000)]
  0x000001b7881f2760 JavaThread "Attach Listener" daemon [_thread_blocked, id=23596, stack(0x000000378ad00000,0x000000378ae00000)]
  0x000001b7881f8400 JavaThread "Service Thread" daemon [_thread_blocked, id=18464, stack(0x000000378ae00000,0x000000378af00000)]
  0x000001b7881f9940 JavaThread "Monitor Deflation Thread" daemon [_thread_blocked, id=24316, stack(0x000000378af00000,0x000000378b000000)]
=>0x000001b7881fe7f0 JavaThread "C2 CompilerThread0" daemon [_thread_in_native, id=17312, stack(0x000000378b000000,0x000000378b100000)]
  0x000001b78ec22030 JavaThread "C1 CompilerThread0" daemon [_thread_blocked, id=11852, stack(0x000000378b100000,0x000000378b200000)]
  0x000001b78ec3bce0 JavaThread "Sweeper thread" daemon [_thread_blocked, id=20396, stack(0x000000378b200000,0x000000378b300000)]
  0x000001b78ed5e410 JavaThread "Notification Thread" daemon [_thread_blocked, id=11144, stack(0x000000378b300000,0x000000378b400000)]
  0x000001b78ed67130 JavaThread "Common-Cleaner" daemon [_thread_blocked, id=21008, stack(0x000000378b500000,0x000000378b600000)]
  0x000001b790cf9740 JavaThread "mssql-jdbc-shared-timer-core-0" daemon [_thread_blocked, id=7176, stack(0x000000378c100000,0x000000378c200000)]
  0x000001b790cf8400 JavaThread "HikariPool-1 housekeeper" daemon [_thread_blocked, id=18276, stack(0x000000378c200000,0x000000378c300000)]
  0x000001b790cfaf50 JavaThread "Catalina-utility-1" [_thread_blocked, id=5576, stack(0x000000378c400000,0x000000378c500000)]
  0x000001b790cfb420 JavaThread "Catalina-utility-2" [_thread_blocked, id=11056, stack(0x000000378c500000,0x000000378c600000)]
  0x000001b790cf8da0 JavaThread "container-0" [_thread_blocked, id=15460, stack(0x000000378c600000,0x000000378c700000)]
  0x000001b7930015d0 JavaThread "http-nio-8093-Poller" daemon [_thread_in_native, id=4060, stack(0x000000378c300000,0x000000378c400000)]
  0x000001b793000760 JavaThread "http-nio-8093-Acceptor" daemon [_thread_in_native, id=7760, stack(0x000000378c700000,0x000000378c800000)]
  0x000001b793000c30 JavaThread "http-nio-8093-exec-1" daemon [_thread_blocked, id=21728, stack(0x000000378c800000,0x000000378c900000)]
  0x000001b792ffcda0 JavaThread "http-nio-8093-exec-2" daemon [_thread_in_native, id=5780, stack(0x000000378c900000,0x000000378ca00000)]
  0x000001b792ffb0c0 JavaThread "http-nio-8093-exec-3" daemon [_thread_in_native, id=21800, stack(0x000000378ca00000,0x000000378cb00000)]
  0x000001b792ffe0e0 JavaThread "http-nio-8093-exec-4" daemon [_thread_in_native, id=10532, stack(0x000000378cb00000,0x000000378cc00000)]
  0x000001b792ffe5b0 JavaThread "http-nio-8093-exec-5" daemon [_thread_blocked, id=16428, stack(0x000000378cc00000,0x000000378cd00000)]
  0x000001b792fffdc0 JavaThread "http-nio-8093-exec-6" daemon [_thread_in_Java, id=13432, stack(0x000000378cd00000,0x000000378ce00000)]
  0x000001b792ffba60 JavaThread "DestroyJavaVM" [_thread_blocked, id=19724, stack(0x000000378a300000,0x000000378a400000)]
  0x000001b792ffea80 JavaThread "http-nio-8093-exec-7" daemon [_thread_blocked, id=15656, stack(0x000000378c000000,0x000000378c100000)]
  0x000001b792ffd270 JavaThread "http-nio-8093-exec-8" daemon [_thread_in_native, id=23648, stack(0x000000378ce00000,0x000000378cf00000)]
  0x000001b792ffef50 JavaThread "http-nio-8093-exec-9" daemon [_thread_in_native, id=22200, stack(0x000000378cf00000,0x000000378d000000)]
  0x000001b792fff420 JavaThread "http-nio-8093-exec-10" daemon [_thread_blocked, id=2464, stack(0x000000378d000000,0x000000378d100000)]

Other Threads:
  0x000001b7881cb6a0 VMThread "VM Thread" [stack: 0x000000378a900000,0x000000378aa00000] [id=24912]
  0x000001b78ed66d10 WatcherThread "VM Periodic Task Thread" [stack: 0x000000378b400000,0x000000378b500000] [id=7632]
  0x000001b7dc0a3a40 WorkerThread "GC Thread#0" [stack: 0x000000378a400000,0x000000378a500000] [id=25268]
  0x000001b78f4e9ff0 WorkerThread "GC Thread#1" [stack: 0x000000378b800000,0x000000378b900000] [id=22840]
  0x000001b78f5683c0 WorkerThread "GC Thread#2" [stack: 0x000000378b900000,0x000000378ba00000] [id=15664]
  0x000001b78f568660 WorkerThread "GC Thread#3" [stack: 0x000000378ba00000,0x000000378bb00000] [id=14008]
  0x000001b78f568900 WorkerThread "GC Thread#4" [stack: 0x000000378bb00000,0x000000378bc00000] [id=10844]
  0x000001b78f568ba0 WorkerThread "GC Thread#5" [stack: 0x000000378bc00000,0x000000378bd00000] [id=22644]
  0x000001b78f568e40 WorkerThread "GC Thread#6" [stack: 0x000000378bd00000,0x000000378be00000] [id=2856]
  0x000001b78ef61740 WorkerThread "GC Thread#7" [stack: 0x000000378be00000,0x000000378bf00000] [id=16460]
  0x000001b7880408e0 ConcurrentGCThread "G1 Main Marker" [stack: 0x000000378a500000,0x000000378a600000] [id=3408]
  0x000001b788041350 WorkerThread "G1 Conc#0" [stack: 0x000000378a600000,0x000000378a700000] [id=13700]
  0x000001b790b67db0 WorkerThread "G1 Conc#1" [stack: 0x000000378b600000,0x000000378b700000] [id=1376]
  0x000001b788085690 ConcurrentGCThread "G1 Refine#0" [stack: 0x000000378a700000,0x000000378a800000] [id=16376]
  0x000001b788085fa0 ConcurrentGCThread "G1 Service" [stack: 0x000000378a800000,0x000000378a900000] [id=728]

Threads with active compile tasks:
C2 CompilerThread0   164681 16205       4       org.apache.catalina.core.ApplicationFilterFactory::createFilterChain (344 bytes)

VM state: not at safepoint (normal execution)

VM Mutex/Monitor currently owned by a thread: None

Heap address: 0x0000000600000000, size: 8192 MB, Compressed Oops mode: Zero based, Oop shift amount: 3

CDS archive(s) mapped at: [0x0000000800000000-0x0000000800ba0000-0x0000000800ba0000), size 12189696, SharedBaseAddress: 0x0000000800000000, ArchiveRelocationMode: 0.
Compressed class space mapped at: 0x0000000800c00000-0x0000000840c00000, reserved size: 1073741824
Narrow klass base: 0x0000000800000000, Narrow klass shift: 0, Narrow klass range: 0x100000000

GC Precious Log:
 CardTable entry size: 512
 Card Set container configuration: InlinePtr #cards 4 size 8 Array Of Cards #cards 32 size 80 Howl #buckets 8 coarsen threshold 7372 Howl Bitmap #cards 1024 size 144 coarsen threshold 921 Card regions per heap region 1 cards per card region 8192
 CPUs: 8 total, 8 available
 Memory: 32766M
 Large Page Support: Disabled
 NUMA Support: Disabled
 Compressed Oops: Enabled (Zero based)
 Heap Region Size: 4M
 Heap Min Capacity: 8M
 Heap Initial Capacity: 512M
 Heap Max Capacity: 8G
 Pre-touch: Disabled
 Parallel Workers: 8
 Concurrent Workers: 2
 Concurrent Refinement Workers: 8
 Periodic GC: Disabled

Heap:
 garbage-first heap   total 196608K, used 116012K [0x0000000600000000, 0x0000000800000000)
  region size 4096K, 18 young (73728K), 1 survivors (4096K)
 Metaspace       used 78147K, committed 78720K, reserved 1179648K
  class space    used 9398K, committed 9664K, reserved 1048576K

Heap Regions: E=young(eden), S=young(survivor), O=old, HS=humongous(starts), HC=humongous(continues), CS=collection set, F=free, OA=open archive, CA=closed archive, TAMS=top-at-mark-start (previous, next)
|   0|0x0000000600000000, 0x0000000600400000, 0x0000000600400000|100%| O|  |TAMS 0x0000000600400000, 0x0000000600000000| Untracked 
|   1|0x0000000600400000, 0x0000000600800000, 0x0000000600800000|100%| O|  |TAMS 0x0000000600800000, 0x0000000600400000| Untracked 
|   2|0x0000000600800000, 0x0000000600c00000, 0x0000000600c00000|100%| O|  |TAMS 0x0000000600c00000, 0x0000000600800000| Untracked 
|   3|0x0000000600c00000, 0x0000000601000000, 0x0000000601000000|100%| O|  |TAMS 0x0000000601000000, 0x0000000600c00000| Untracked 
|   4|0x0000000601000000, 0x0000000601400000, 0x0000000601400000|100%| O|  |TAMS 0x0000000601400000, 0x0000000601000000| Untracked 
|   5|0x0000000601400000, 0x0000000601800000, 0x0000000601800000|100%| O|  |TAMS 0x0000000601400000, 0x0000000601400000| Untracked 
|   6|0x0000000601800000, 0x0000000601c00000, 0x0000000601c00000|100%| O|  |TAMS 0x0000000601800000, 0x0000000601800000| Untracked 
|   7|0x0000000601c00000, 0x0000000602000000, 0x0000000602000000|100%| O|  |TAMS 0x0000000602000000, 0x0000000601c00000| Untracked 
|   8|0x0000000602000000, 0x0000000602400000, 0x0000000602400000|100%| O|  |TAMS 0x00000006023f7200, 0x0000000602000000| Untracked 
|   9|0x0000000602400000, 0x0000000602800000, 0x0000000602800000|100%| O|  |TAMS 0x0000000602400000, 0x0000000602400000| Untracked 
|  10|0x0000000602800000, 0x0000000602c00000, 0x0000000602c00000|100%| O|  |TAMS 0x0000000602800000, 0x0000000602800000| Untracked 
|  11|0x0000000602c00000, 0x0000000603000000, 0x0000000603000000|100%| O|  |TAMS 0x0000000602c00000, 0x0000000602c00000| Untracked 
|  12|0x0000000603000000, 0x0000000603037400, 0x0000000603400000|  5%| O|  |TAMS 0x0000000603000000, 0x0000000603000000| Untracked 
|  13|0x0000000603400000, 0x0000000603400000, 0x0000000603800000|  0%| F|  |TAMS 0x0000000603400000, 0x0000000603400000| Untracked 
|  14|0x0000000603800000, 0x0000000603800000, 0x0000000603c00000|  0%| F|  |TAMS 0x0000000603800000, 0x0000000603800000| Untracked 
|  15|0x0000000603c00000, 0x0000000603c00000, 0x0000000604000000|  0%| F|  |TAMS 0x0000000603c00000, 0x0000000603c00000| Untracked 
|  16|0x0000000604000000, 0x0000000604000000, 0x0000000604400000|  0%| F|  |TAMS 0x0000000604000000, 0x0000000604000000| Untracked 
|  17|0x0000000604400000, 0x0000000604400000, 0x0000000604800000|  0%| F|  |TAMS 0x0000000604400000, 0x0000000604400000| Untracked 
|  18|0x0000000604800000, 0x0000000604800000, 0x0000000604c00000|  0%| F|  |TAMS 0x0000000604800000, 0x0000000604800000| Untracked 
|  19|0x0000000604c00000, 0x0000000604c00000, 0x0000000605000000|  0%| F|  |TAMS 0x0000000604c00000, 0x0000000604c00000| Untracked 
|  20|0x0000000605000000, 0x0000000605113d80, 0x0000000605400000| 26%| S|CS|TAMS 0x0000000605000000, 0x0000000605000000| Complete 
|  21|0x0000000605400000, 0x0000000605400000, 0x0000000605800000|  0%| F|  |TAMS 0x0000000605400000, 0x0000000605400000| Untracked 
|  22|0x0000000605800000, 0x0000000605800000, 0x0000000605c00000|  0%| F|  |TAMS 0x0000000605800000, 0x0000000605800000| Untracked 
|  23|0x0000000605c00000, 0x0000000605c00000, 0x0000000606000000|  0%| F|  |TAMS 0x0000000605c00000, 0x0000000605c00000| Untracked 
|  24|0x0000000606000000, 0x0000000606000000, 0x0000000606400000|  0%| F|  |TAMS 0x0000000606000000, 0x0000000606000000| Untracked 
|  25|0x0000000606400000, 0x0000000606400000, 0x0000000606800000|  0%| F|  |TAMS 0x0000000606400000, 0x0000000606400000| Untracked 
|  26|0x0000000606800000, 0x0000000606800000, 0x0000000606c00000|  0%| F|  |TAMS 0x0000000606800000, 0x0000000606800000| Untracked 
|  27|0x0000000606c00000, 0x0000000606c00000, 0x0000000607000000|  0%| F|  |TAMS 0x0000000606c00000, 0x0000000606c00000| Untracked 
|  28|0x0000000607000000, 0x0000000607000000, 0x0000000607400000|  0%| F|  |TAMS 0x0000000607000000, 0x0000000607000000| Untracked 
|  29|0x0000000607400000, 0x0000000607400000, 0x0000000607800000|  0%| F|  |TAMS 0x0000000607400000, 0x0000000607400000| Untracked 
|  30|0x0000000607800000, 0x0000000607800000, 0x0000000607c00000|  0%| F|  |TAMS 0x0000000607800000, 0x0000000607800000| Untracked 
|  31|0x0000000607c00000, 0x0000000607c36f40, 0x0000000608000000|  5%| E|  |TAMS 0x0000000607c00000, 0x0000000607c00000| Complete 
|  32|0x0000000608000000, 0x0000000608400000, 0x0000000608400000|100%| E|CS|TAMS 0x0000000608000000, 0x0000000608000000| Complete 
|  33|0x0000000608400000, 0x0000000608800000, 0x0000000608800000|100%| E|CS|TAMS 0x0000000608400000, 0x0000000608400000| Complete 
|  34|0x0000000608800000, 0x0000000608c00000, 0x0000000608c00000|100%| E|CS|TAMS 0x0000000608800000, 0x0000000608800000| Complete 
|  35|0x0000000608c00000, 0x0000000609000000, 0x0000000609000000|100%| E|CS|TAMS 0x0000000608c00000, 0x0000000608c00000| Complete 
|  36|0x0000000609000000, 0x0000000609400000, 0x0000000609400000|100%| E|CS|TAMS 0x0000000609000000, 0x0000000609000000| Complete 
|  37|0x0000000609400000, 0x0000000609800000, 0x0000000609800000|100%| E|CS|TAMS 0x0000000609400000, 0x0000000609400000| Complete 
|  38|0x0000000609800000, 0x0000000609c00000, 0x0000000609c00000|100%| E|CS|TAMS 0x0000000609800000, 0x0000000609800000| Complete 
|  39|0x0000000609c00000, 0x000000060a000000, 0x000000060a000000|100%| E|CS|TAMS 0x0000000609c00000, 0x0000000609c00000| Complete 
|  40|0x000000060a000000, 0x000000060a400000, 0x000000060a400000|100%| E|CS|TAMS 0x000000060a000000, 0x000000060a000000| Complete 
|  41|0x000000060a400000, 0x000000060a800000, 0x000000060a800000|100%| E|CS|TAMS 0x000000060a400000, 0x000000060a400000| Complete 
|  42|0x000000060a800000, 0x000000060ac00000, 0x000000060ac00000|100%| E|CS|TAMS 0x000000060a800000, 0x000000060a800000| Complete 
|  43|0x000000060ac00000, 0x000000060b000000, 0x000000060b000000|100%| E|CS|TAMS 0x000000060ac00000, 0x000000060ac00000| Complete 
|  44|0x000000060b000000, 0x000000060b400000, 0x000000060b400000|100%| E|CS|TAMS 0x000000060b000000, 0x000000060b000000| Complete 
|  45|0x000000060b400000, 0x000000060b800000, 0x000000060b800000|100%| E|CS|TAMS 0x000000060b400000, 0x000000060b400000| Complete 
|  71|0x0000000611c00000, 0x0000000612000000, 0x0000000612000000|100%| E|CS|TAMS 0x0000000611c00000, 0x0000000611c00000| Complete 
| 127|0x000000061fc00000, 0x0000000620000000, 0x0000000620000000|100%| E|CS|TAMS 0x000000061fc00000, 0x000000061fc00000| Complete 

Card table byte_map: [0x000001b7f5ee0000,0x000001b7f6ee0000] _byte_map_base: 0x000001b7f2ee0000

Marking Bits (Prev, Next): (CMBitMap*) 0x000001b788040260, (CMBitMap*) 0x000001b788040220
 Prev Bits: [0x000001b780000000, 0x000001b788000000)
 Next Bits: [0x000001b7f7ee0000, 0x000001b7ffee0000)

Polling page: 0x000001b7dbda0000

Metaspace:

Usage:
  Non-class:     67.14 MB used.
      Class:      9.18 MB used.
       Both:     76.32 MB used.

Virtual space:
  Non-class space:      128.00 MB reserved,      67.44 MB ( 53%) committed,  2 nodes.
      Class space:        1.00 GB reserved,       9.44 MB ( <1%) committed,  1 nodes.
             Both:        1.13 GB reserved,      76.88 MB (  7%) committed. 

Chunk freelists:
   Non-Class:  64.00 KB
       Class:  2.38 MB
        Both:  2.44 MB

MaxMetaspaceSize: unlimited
CompressedClassSpaceSize: 1.00 GB
Initial GC threshold: 21.00 MB
Current GC threshold: 98.75 MB
CDS: on
MetaspaceReclaimPolicy: balanced
 - commit_granule_bytes: 65536.
 - commit_granule_words: 8192.
 - virtual_space_node_default_size: 8388608.
 - enlarge_chunks_in_place: 1.
 - new_chunks_are_fully_committed: 0.
 - uncommit_free_chunks: 1.
 - use_allocation_guard: 0.


Internal statistics:

num_allocs_failed_limit: 9.
num_arena_births: 904.
num_arena_deaths: 0.
num_vsnodes_births: 3.
num_vsnodes_deaths: 0.
num_space_committed: 1230.
num_space_uncommitted: 0.
num_chunks_returned_to_freelist: 9.
num_chunks_taken_from_freelist: 3769.
num_chunk_merges: 9.
num_chunk_splits: 2665.
num_chunks_enlarged: 2134.
num_inconsistent_stats: 0.

CodeHeap 'non-profiled nmethods': size=120000Kb used=9192Kb max_used=9192Kb free=110807Kb
 bounds [0x000001b7ecf50000, 0x000001b7ed850000, 0x000001b7f4480000]
CodeHeap 'profiled nmethods': size=120000Kb used=28254Kb max_used=30185Kb free=91745Kb
 bounds [0x000001b7e5a20000, 0x000001b7e77a0000, 0x000001b7ecf50000]
CodeHeap 'non-nmethods': size=5760Kb used=1382Kb max_used=1451Kb free=4377Kb
 bounds [0x000001b7e5480000, 0x000001b7e56f0000, 0x000001b7e5a20000]
 total_blobs=13951 nmethods=13250 adapters=612
 compilation: enabled
              stopped_count=0, restarted_count=0
 full_count=0

Compilation events (20 events):
Event: 164.354 Thread 0x000001b78ec22030 nmethod 16194 0x000001b7e649eb10 code [0x000001b7e649ecc0, 0x000001b7e649ee08]
Event: 164.354 Thread 0x000001b78ec22030 16195       3       org.hibernate.query.spi.QueryParameterBindingValidator::validate (125 bytes)
Event: 164.355 Thread 0x000001b78ec22030 nmethod 16195 0x000001b7e5c5ca90 code [0x000001b7e5c5cde0, 0x000001b7e5c5e468]
Event: 164.355 Thread 0x000001b78ec22030 16196       3       org.hibernate.type.AbstractStandardBasicType::getReturnedClass (10 bytes)
Event: 164.356 Thread 0x000001b78ec22030 nmethod 16196 0x000001b7e5d43610 code [0x000001b7e5d437a0, 0x000001b7e5d43998]
Event: 164.356 Thread 0x000001b78ec22030 16197       3       org.hibernate.query.spi.QueryParameterBindingValidator::isValidBindValue (203 bytes)
Event: 164.356 Thread 0x000001b78ec22030 nmethod 16197 0x000001b7e5fb7f90 code [0x000001b7e5fb8220, 0x000001b7e5fb8e58]
Event: 164.356 Thread 0x000001b78ec22030 16198       3       org.hibernate.query.internal.QueryParameterBindingImpl::bindValue (32 bytes)
Event: 164.357 Thread 0x000001b78ec22030 nmethod 16198 0x000001b7e5f6ab10 code [0x000001b7e5f6ace0, 0x000001b7e5f6b078]
Event: 164.457 Thread 0x000001b7881fe7f0 16200       4       org.springframework.security.crypto.bcrypt.BCrypt::encode_base64 (210 bytes)
Event: 164.464 Thread 0x000001b78ec22030 16201       3       org.hibernate.loader.hql.QueryLoader::applyLocks (293 bytes)
Event: 164.467 Thread 0x000001b78ec22030 nmethod 16201 0x000001b7e69f9490 code [0x000001b7e69f9940, 0x000001b7e69fc618]
Event: 164.467 Thread 0x000001b78ec22030 16202       3       org.hibernate.loader.Loader::getScrollMode (93 bytes)
Event: 164.468 Thread 0x000001b78ec22030 nmethod 16202 0x000001b7e6276290 code [0x000001b7e62764e0, 0x000001b7e6276f58]
Event: 164.468 Thread 0x000001b78ec22030 16203       3       org.hibernate.dialect.pagination.LimitHelper::hasFirstRow (13 bytes)
Event: 164.469 Thread 0x000001b78ec22030 nmethod 16203 0x000001b7e5f1f710 code [0x000001b7e5f1f8c0, 0x000001b7e5f1fb58]
Event: 164.511 Thread 0x000001b7881fe7f0 nmethod 16200 0x000001b7ed846390 code [0x000001b7ed846680, 0x000001b7ed848928]
Event: 164.549 Thread 0x000001b7881fe7f0 16204       4       org.apache.catalina.mapper.Mapper::internalMapExtensionWrapper (212 bytes)
Event: 164.557 Thread 0x000001b7881fe7f0 nmethod 16204 0x000001b7ed849910 code [0x000001b7ed849aa0, 0x000001b7ed849ef8]
Event: 164.557 Thread 0x000001b7881fe7f0 16205       4       org.apache.catalina.core.ApplicationFilterFactory::createFilterChain (344 bytes)

GC Heap History (20 events):
Event: 120.054 GC heap before
{Heap before GC invocations=48 (full 0):
 garbage-first heap   total 196608K, used 160403K [0x0000000600000000, 0x0000000800000000)
  region size 4096K, 28 young (114688K), 1 survivors (4096K)
 Metaspace       used 77779K, committed 78336K, reserved 1179648K
  class space    used 9394K, committed 9664K, reserved 1048576K
}
Event: 120.057 GC heap after
{Heap after GC invocations=49 (full 0):
 garbage-first heap   total 196608K, used 49869K [0x0000000600000000, 0x0000000800000000)
  region size 4096K, 1 young (4096K), 1 survivors (4096K)
 Metaspace       used 77779K, committed 78336K, reserved 1179648K
  class space    used 9394K, committed 9664K, reserved 1048576K
}
Event: 125.361 GC heap before
{Heap before GC invocations=49 (full 0):
 garbage-first heap   total 196608K, used 160461K [0x0000000600000000, 0x0000000800000000)
  region size 4096K, 28 young (114688K), 1 survivors (4096K)
 Metaspace       used 77780K, committed 78336K, reserved 1179648K
  class space    used 9395K, committed 9664K, reserved 1048576K
}
Event: 125.363 GC heap after
{Heap after GC invocations=50 (full 0):
 garbage-first heap   total 196608K, used 49975K [0x0000000600000000, 0x0000000800000000)
  region size 4096K, 1 young (4096K), 1 survivors (4096K)
 Metaspace       used 77780K, committed 78336K, reserved 1179648K
  class space    used 9395K, committed 9664K, reserved 1048576K
}
Event: 130.341 GC heap before
{Heap before GC invocations=50 (full 0):
 garbage-first heap   total 196608K, used 160567K [0x0000000600000000, 0x0000000800000000)
  region size 4096K, 28 young (114688K), 1 survivors (4096K)
 Metaspace       used 77781K, committed 78336K, reserved 1179648K
  class space    used 9395K, committed 9664K, reserved 1048576K
}
Event: 130.343 GC heap after
{Heap after GC invocations=51 (full 0):
 garbage-first heap   total 196608K, used 49987K [0x0000000600000000, 0x0000000800000000)
  region size 4096K, 1 young (4096K), 1 survivors (4096K)
 Metaspace       used 77781K, committed 78336K, reserved 1179648K
  class space    used 9395K, committed 9664K, reserved 1048576K
}
Event: 135.306 GC heap before
{Heap before GC invocations=51 (full 0):
 garbage-first heap   total 196608K, used 160579K [0x0000000600000000, 0x0000000800000000)
  region size 4096K, 28 young (114688K), 1 survivors (4096K)
 Metaspace       used 77919K, committed 78464K, reserved 1179648K
  class space    used 9395K, committed 9664K, reserved 1048576K
}
Event: 135.310 GC heap after
{Heap after GC invocations=52 (full 0):
 garbage-first heap   total 196608K, used 50117K [0x0000000600000000, 0x0000000800000000)
  region size 4096K, 1 young (4096K), 1 survivors (4096K)
 Metaspace       used 77919K, committed 78464K, reserved 1179648K
  class space    used 9395K, committed 9664K, reserved 1048576K
}
Event: 139.916 GC heap before
{Heap before GC invocations=52 (full 0):
 garbage-first heap   total 196608K, used 160709K [0x0000000600000000, 0x0000000800000000)
  region size 4096K, 28 young (114688K), 1 survivors (4096K)
 Metaspace       used 77927K, committed 78528K, reserved 1179648K
  class space    used 9396K, committed 9664K, reserved 1048576K
}
Event: 139.919 GC heap after
{Heap after GC invocations=53 (full 0):
 garbage-first heap   total 196608K, used 50095K [0x0000000600000000, 0x0000000800000000)
  region size 4096K, 1 young (4096K), 1 survivors (4096K)
 Metaspace       used 77927K, committed 78528K, reserved 1179648K
  class space    used 9396K, committed 9664K, reserved 1048576K
}
Event: 144.538 GC heap before
{Heap before GC invocations=53 (full 0):
 garbage-first heap   total 196608K, used 160687K [0x0000000600000000, 0x0000000800000000)
  region size 4096K, 28 young (114688K), 1 survivors (4096K)
 Metaspace       used 77999K, committed 78592K, reserved 1179648K
  class space    used 9397K, committed 9664K, reserved 1048576K
}
Event: 144.540 GC heap after
{Heap after GC invocations=54 (full 0):
 garbage-first heap   total 196608K, used 50196K [0x0000000600000000, 0x0000000800000000)
  region size 4096K, 1 young (4096K), 1 survivors (4096K)
 Metaspace       used 77999K, committed 78592K, reserved 1179648K
  class space    used 9397K, committed 9664K, reserved 1048576K
}
Event: 149.454 GC heap before
{Heap before GC invocations=54 (full 0):
 garbage-first heap   total 196608K, used 160788K [0x0000000600000000, 0x0000000800000000)
  region size 4096K, 28 young (114688K), 1 survivors (4096K)
 Metaspace       used 78000K, committed 78592K, reserved 1179648K
  class space    used 9398K, committed 9664K, reserved 1048576K
}
Event: 149.456 GC heap after
{Heap after GC invocations=55 (full 0):
 garbage-first heap   total 196608K, used 50287K [0x0000000600000000, 0x0000000800000000)
  region size 4096K, 1 young (4096K), 1 survivors (4096K)
 Metaspace       used 78000K, committed 78592K, reserved 1179648K
  class space    used 9398K, committed 9664K, reserved 1048576K
}
Event: 153.826 GC heap before
{Heap before GC invocations=55 (full 0):
 garbage-first heap   total 196608K, used 160879K [0x0000000600000000, 0x0000000800000000)
  region size 4096K, 28 young (114688K), 1 survivors (4096K)
 Metaspace       used 78000K, committed 78592K, reserved 1179648K
  class space    used 9398K, committed 9664K, reserved 1048576K
}
Event: 153.828 GC heap after
{Heap after GC invocations=56 (full 0):
 garbage-first heap   total 196608K, used 50341K [0x0000000600000000, 0x0000000800000000)
  region size 4096K, 1 young (4096K), 1 survivors (4096K)
 Metaspace       used 78000K, committed 78592K, reserved 1179648K
  class space    used 9398K, committed 9664K, reserved 1048576K
}
Event: 158.404 GC heap before
{Heap before GC invocations=56 (full 0):
 garbage-first heap   total 196608K, used 160933K [0x0000000600000000, 0x0000000800000000)
  region size 4096K, 28 young (114688K), 1 survivors (4096K)
 Metaspace       used 78097K, committed 78720K, reserved 1179648K
  class space    used 9398K, committed 9664K, reserved 1048576K
}
Event: 158.406 GC heap after
{Heap after GC invocations=57 (full 0):
 garbage-first heap   total 196608K, used 50407K [0x0000000600000000, 0x0000000800000000)
  region size 4096K, 1 young (4096K), 1 survivors (4096K)
 Metaspace       used 78097K, committed 78720K, reserved 1179648K
  class space    used 9398K, committed 9664K, reserved 1048576K
}
Event: 162.412 GC heap before
{Heap before GC invocations=57 (full 0):
 garbage-first heap   total 196608K, used 160999K [0x0000000600000000, 0x0000000800000000)
  region size 4096K, 28 young (114688K), 1 survivors (4096K)
 Metaspace       used 78097K, committed 78720K, reserved 1179648K
  class space    used 9398K, committed 9664K, reserved 1048576K
}
Event: 162.413 GC heap after
{Heap after GC invocations=58 (full 0):
 garbage-first heap   total 196608K, used 50476K [0x0000000600000000, 0x0000000800000000)
  region size 4096K, 1 young (4096K), 1 survivors (4096K)
 Metaspace       used 78097K, committed 78720K, reserved 1179648K
  class space    used 9398K, committed 9664K, reserved 1048576K
}

Deoptimization events (20 events):
Event: 139.271 Thread 0x000001b792ffe5b0 DEOPT PACKING pc=0x000001b7ed6d5cd0 sp=0x000000378ccfcad0
Event: 139.271 Thread 0x000001b792ffe5b0 DEOPT UNPACKING pc=0x000001b7e54d23a3 sp=0x000000378ccfca68 mode 2
Event: 146.265 Thread 0x000001b793000c30 DEOPT PACKING pc=0x000001b7e73a83a4 sp=0x000000378c8fc930
Event: 146.265 Thread 0x000001b793000c30 DEOPT UNPACKING pc=0x000001b7e54d2b43 sp=0x000000378c8fbda0 mode 0
Event: 161.196 Thread 0x000001b792ffd270 Uncommon trap: trap_request=0xffffffbe fr.pc=0x000001b7ed844518 relative=0x0000000000001c98
Event: 161.196 Thread 0x000001b792ffd270 Uncommon trap: reason=profile_predicate action=maybe_recompile pc=0x000001b7ed844518 method=org.springframework.security.crypto.bcrypt.BCrypt.encode_base64([BILjava/lang/StringBuilder;)V @ 24 c2
Event: 161.196 Thread 0x000001b792ffd270 DEOPT PACKING pc=0x000001b7ed844518 sp=0x000000378cefcc40
Event: 161.196 Thread 0x000001b792ffd270 DEOPT UNPACKING pc=0x000001b7e54d23a3 sp=0x000000378cefcc28 mode 2
Event: 161.254 Thread 0x000001b792fffdc0 Uncommon trap: trap_request=0xffffffbe fr.pc=0x000001b7ed844518 relative=0x0000000000001c98
Event: 161.254 Thread 0x000001b792fffdc0 Uncommon trap: reason=profile_predicate action=maybe_recompile pc=0x000001b7ed844518 method=org.springframework.security.crypto.bcrypt.BCrypt.encode_base64([BILjava/lang/StringBuilder;)V @ 24 c2
Event: 161.254 Thread 0x000001b792fffdc0 DEOPT PACKING pc=0x000001b7ed844518 sp=0x000000378cdfc670
Event: 161.254 Thread 0x000001b792fffdc0 DEOPT UNPACKING pc=0x000001b7e54d23a3 sp=0x000000378cdfc658 mode 2
Event: 161.292 Thread 0x000001b792ffb0c0 Uncommon trap: trap_request=0xffffffbe fr.pc=0x000001b7ed844518 relative=0x0000000000001c98
Event: 161.292 Thread 0x000001b792ffb0c0 Uncommon trap: reason=profile_predicate action=maybe_recompile pc=0x000001b7ed844518 method=org.springframework.security.crypto.bcrypt.BCrypt.encode_base64([BILjava/lang/StringBuilder;)V @ 24 c2
Event: 161.292 Thread 0x000001b792ffb0c0 DEOPT PACKING pc=0x000001b7ed844518 sp=0x000000378cafcaa0
Event: 161.292 Thread 0x000001b792ffb0c0 DEOPT UNPACKING pc=0x000001b7e54d23a3 sp=0x000000378cafca88 mode 2
Event: 161.393 Thread 0x000001b792ffef50 Uncommon trap: trap_request=0xffffffbe fr.pc=0x000001b7ed844518 relative=0x0000000000001c98
Event: 161.393 Thread 0x000001b792ffef50 Uncommon trap: reason=profile_predicate action=maybe_recompile pc=0x000001b7ed844518 method=org.springframework.security.crypto.bcrypt.BCrypt.encode_base64([BILjava/lang/StringBuilder;)V @ 24 c2
Event: 161.393 Thread 0x000001b792ffef50 DEOPT PACKING pc=0x000001b7ed844518 sp=0x000000378cffc9b0
Event: 161.393 Thread 0x000001b792ffef50 DEOPT UNPACKING pc=0x000001b7e54d23a3 sp=0x000000378cffc998 mode 2

Classes loaded (20 events):
Event: 29.881 Loading class java/lang/ObjectCustomizer
Event: 29.881 Loading class java/lang/ObjectCustomizer done
Event: 29.882 Loading class java/lang/ObjectCustomizer
Event: 29.882 Loading class java/lang/ObjectCustomizer done
Event: 29.912 Loading class java/util/stream/LongStream
Event: 29.912 Loading class java/util/stream/LongStream done
Event: 29.912 Loading class java/util/stream/DoubleStream
Event: 29.913 Loading class java/util/stream/DoubleStream done
Event: 29.967 Loading class java/time/ZonedDateTime$1
Event: 29.968 Loading class java/time/ZonedDateTime$1 done
Event: 29.971 Loading class sun/nio/cs/ISO_8859_1$Encoder
Event: 29.971 Loading class sun/nio/cs/ISO_8859_1$Encoder done
Event: 29.971 Loading class sun/nio/cs/Surrogate$Parser
Event: 29.971 Loading class sun/nio/cs/Surrogate$Parser done
Event: 29.971 Loading class sun/nio/cs/Surrogate
Event: 29.972 Loading class sun/nio/cs/Surrogate done
Event: 35.688 Loading class java/util/concurrent/ConcurrentLinkedQueue$Itr
Event: 35.689 Loading class java/util/concurrent/ConcurrentLinkedQueue$Itr done
Event: 139.304 Loading class sun/util/locale/LocaleExtensions
Event: 139.304 Loading class sun/util/locale/LocaleExtensions done

Classes unloaded (0 events):
No events

Classes redefined (0 events):
No events

Internal exceptions (20 events):
Event: 25.565 Thread 0x000001b792ffe0e0 Exception <a 'java/lang/IncompatibleClassChangeError'{0x000000061fdef678}: Found class java.lang.Object, but interface was expected> (0x000000061fdef678) 
thrown [t:\workspace\open\src\hotspot\share\interpreter\linkResolver.cpp, line 833]
Event: 25.565 Thread 0x000001b792ffcda0 Exception <a 'java/lang/IncompatibleClassChangeError'{0x0000000606716be0}: Found class java.lang.Object, but interface was expected> (0x0000000606716be0) 
thrown [t:\workspace\open\src\hotspot\share\interpreter\linkResolver.cpp, line 833]
Event: 25.993 Thread 0x000001b7dc02ceb0 Implicit null exception at 0x000001b7ed5696d3 to 0x000001b7ed569740
Event: 26.174 Thread 0x000001b793000c30 Exception <a 'java/lang/NoSuchMethodError'{0x0000000606c5d560}: 'java.lang.Object java.lang.invoke.DirectMethodHandle$Holder.invokeStaticInit(java.lang.Object, java.lang.Object, java.lang.Object, java.lang.Object, java.lang.Object, java.lang.Object)'> (0x0000000606c5d560) 
thrown [t:\workspace\open\src\hotspot\share\interpreter\linkResolver.cpp, line 766]
Event: 26.563 Thread 0x000001b792ffe5b0 Implicit null exception at 0x000001b7ecf808d5 to 0x000001b7ecf80e44
Event: 26.563 Thread 0x000001b793000c30 Implicit null exception at 0x000001b7ecf808d5 to 0x000001b7ecf80e44
Event: 26.563 Thread 0x000001b792ffb0c0 Implicit null exception at 0x000001b7ecf82ad2 to 0x000001b7ecf8301c
Event: 29.877 Thread 0x000001b793000c30 Exception <a 'java/lang/ClassNotFoundException'{0x0000000605cd2f40}: java/lang/ObjectCustomizer> (0x0000000605cd2f40) 
thrown [t:\workspace\open\src\hotspot\share\classfile\systemDictionary.cpp, line 255]
Event: 29.878 Thread 0x000001b792fffdc0 Exception <a 'java/lang/ClassNotFoundException'{0x0000000605cf0dd8}: java/lang/ObjectCustomizer> (0x0000000605cf0dd8) 
thrown [t:\workspace\open\src\hotspot\share\classfile\systemDictionary.cpp, line 255]
Event: 29.879 Thread 0x000001b792ffcda0 Exception <a 'java/lang/ClassNotFoundException'{0x0000000605d527f8}: java/lang/ObjectCustomizer> (0x0000000605d527f8) 
thrown [t:\workspace\open\src\hotspot\share\classfile\systemDictionary.cpp, line 255]
Event: 29.880 Thread 0x000001b792ffe0e0 Exception <a 'java/lang/ClassNotFoundException'{0x0000000605d8b438}: java/lang/ObjectCustomizer> (0x0000000605d8b438) 
thrown [t:\workspace\open\src\hotspot\share\classfile\systemDictionary.cpp, line 255]
Event: 29.880 Thread 0x000001b793000c30 Exception <a 'java/lang/ClassNotFoundException'{0x0000000605da7bf8}: com/readysetsoftware/creditassessmentapi/data/payload/request/ExceptionTab_Input_RequestCustomizer> (0x0000000605da7bf8) 
thrown [t:\workspace\open\src\hotspot\share\classfile\systemDictionary.cpp, line 255]
Event: 29.881 Thread 0x000001b792ffe5b0 Exception <a 'java/lang/ClassNotFoundException'{0x0000000605e073b0}: java/lang/ObjectCustomizer> (0x0000000605e073b0) 
thrown [t:\workspace\open\src\hotspot\share\classfile\systemDictionary.cpp, line 255]
Event: 29.882 Thread 0x000001b792ffcda0 Exception <a 'java/lang/ClassNotFoundException'{0x0000000605e1e4f8}: com/readysetsoftware/creditassessmentapi/data/payload/request/ExceptionTab_Input_RequestCustomizer> (0x0000000605e1e4f8) 
thrown [t:\workspace\open\src\hotspot\share\classfile\systemDictionary.cpp, line 255]
Event: 29.882 Thread 0x000001b792ffb0c0 Exception <a 'java/lang/ClassNotFoundException'{0x0000000605eb5ca8}: java/lang/ObjectCustomizer> (0x0000000605eb5ca8) 
thrown [t:\workspace\open\src\hotspot\share\classfile\systemDictionary.cpp, line 255]
Event: 29.883 Thread 0x000001b792fffdc0 Exception <a 'java/lang/ClassNotFoundException'{0x0000000605f12848}: com/readysetsoftware/creditassessmentapi/data/payload/request/ExceptionTab_Input_RequestCustomizer> (0x0000000605f12848) 
thrown [t:\workspace\open\src\hotspot\share\classfile\systemDictionary.cpp, line 255]
Event: 29.883 Thread 0x000001b792ffe0e0 Exception <a 'java/lang/ClassNotFoundException'{0x0000000605f67ef0}: com/readysetsoftware/creditassessmentapi/data/payload/request/ExceptionTab_Input_RequestCustomizer> (0x0000000605f67ef0) 
thrown [t:\workspace\open\src\hotspot\share\classfile\systemDictionary.cpp, line 255]
Event: 29.884 Thread 0x000001b792ffb0c0 Exception <a 'java/lang/ClassNotFoundException'{0x0000000605ff7390}: com/readysetsoftware/creditassessmentapi/data/payload/request/ExceptionTab_Input_RequestCustomizer> (0x0000000605ff7390) 
thrown [t:\workspace\open\src\hotspot\share\classfile\systemDictionary.cpp, line 255]
Event: 29.885 Thread 0x000001b792ffe5b0 Exception <a 'java/lang/ClassNotFoundException'{0x0000000605865080}: com/readysetsoftware/creditassessmentapi/data/payload/request/ExceptionTab_Input_RequestCustomizer> (0x0000000605865080) 
thrown [t:\workspace\open\src\hotspot\share\classfile\systemDictionary.cpp, line 255]
Event: 164.461 Thread 0x000001b792ffea80 Exception <a 'java/net/SocketException'{0x000000060860a6e0}: Connection reset by peer: shutdown> (0x000000060860a6e0) 
thrown [t:\workspace\open\src\hotspot\share\prims\jni.cpp, line 535]

VM Operations (20 events):
Event: 152.457 Executing VM operation: Cleanup
Event: 152.457 Executing VM operation: Cleanup done
Event: 153.458 Executing VM operation: Cleanup
Event: 153.458 Executing VM operation: Cleanup done
Event: 153.825 Executing VM operation: G1CollectForAllocation
Event: 153.828 Executing VM operation: G1CollectForAllocation done
Event: 155.828 Executing VM operation: Cleanup
Event: 155.828 Executing VM operation: Cleanup done
Event: 157.829 Executing VM operation: Cleanup
Event: 157.829 Executing VM operation: Cleanup done
Event: 158.403 Executing VM operation: G1CollectForAllocation
Event: 158.406 Executing VM operation: G1CollectForAllocation done
Event: 159.407 Executing VM operation: Cleanup
Event: 159.407 Executing VM operation: Cleanup done
Event: 162.409 Executing VM operation: Cleanup
Event: 162.409 Executing VM operation: Cleanup done
Event: 162.412 Executing VM operation: G1CollectForAllocation
Event: 162.413 Executing VM operation: G1CollectForAllocation done
Event: 164.414 Executing VM operation: Cleanup
Event: 164.414 Executing VM operation: Cleanup done

Events (20 events):
Event: 142.865 Thread 0x000001b78ec3bce0 flushing nmethod 0x000001b7e7085010
Event: 142.865 Thread 0x000001b78ec3bce0 flushing nmethod 0x000001b7e70a4390
Event: 142.865 Thread 0x000001b78ec3bce0 flushing nmethod 0x000001b7e70bcc90
Event: 142.865 Thread 0x000001b78ec3bce0 flushing nmethod 0x000001b7e70f3090
Event: 142.865 Thread 0x000001b78ec3bce0 flushing nmethod 0x000001b7e70f3410
Event: 142.865 Thread 0x000001b78ec3bce0 flushing nmethod 0x000001b7e70fc390
Event: 142.866 Thread 0x000001b78ec3bce0 flushing nmethod 0x000001b7e7104e10
Event: 142.866 Thread 0x000001b78ec3bce0 flushing nmethod 0x000001b7e7112f90
Event: 142.866 Thread 0x000001b78ec3bce0 flushing nmethod 0x000001b7e711dd90
Event: 142.866 Thread 0x000001b78ec3bce0 flushing nmethod 0x000001b7e7129110
Event: 142.866 Thread 0x000001b78ec3bce0 flushing nmethod 0x000001b7e7129990
Event: 142.866 Thread 0x000001b78ec3bce0 flushing nmethod 0x000001b7e71ef390
Event: 142.866 Thread 0x000001b78ec3bce0 flushing nmethod 0x000001b7e721cf90
Event: 142.866 Thread 0x000001b78ec3bce0 flushing nmethod 0x000001b7e722eb90
Event: 142.867 Thread 0x000001b78ec3bce0 flushing nmethod 0x000001b7e7297b90
Event: 142.867 Thread 0x000001b78ec3bce0 flushing nmethod 0x000001b7e7369090
Event: 142.867 Thread 0x000001b78ec3bce0 flushing nmethod 0x000001b7e737d810
Event: 142.867 Thread 0x000001b78ec3bce0 flushing nmethod 0x000001b7e737e310
Event: 142.868 Thread 0x000001b78ec3bce0 flushing nmethod 0x000001b7e74d4590
Event: 142.868 Thread 0x000001b78ec3bce0 flushing nmethod 0x000001b7e74d4910


Dynamic libraries:
0x00007ff69e0a0000 - 0x00007ff69e0b0000 	C:\Program Files\Java\jdk-18\bin\java.exe
0x000001b7dbdd0000 - 0x000001b7dbfbd000 	C:\Windows\SYSTEM32\ntd1l.dll
0x000001b7dbcd0000 - 0x000001b7dbd83000 	C:\Windows\System32\kern3l32.dll
0x00007ffa859e0000 - 0x00007ffa85bcd000 	C:\Windows\SYSTEM32\ntdll.dll
0x00007ffa83510000 - 0x00007ffa835c3000 	C:\Windows\System32\KERNEL32.DLL
0x00007ffa825e0000 - 0x00007ffa82874000 	C:\Windows\System32\KERNELBASE.dll
0x00007ffa816a0000 - 0x00007ffa8189e000 	C:\Program Files\SentinelOne\Sentinel Agent 21.7.5.1080\InProcessClient64.dll
0x00007ffa835d0000 - 0x00007ffa83677000 	C:\Windows\System32\ADVAPI32.dll
0x00007ffa85910000 - 0x00007ffa859ae000 	C:\Windows\System32\msvcrt.dll
0x00007ffa82e50000 - 0x00007ffa82eef000 	C:\Windows\System32\sechost.dll
0x00007ffa82ef0000 - 0x00007ffa8300d000 	C:\Windows\System32\RPCRT4.dll
0x00007ffa81d40000 - 0x00007ffa81e3a000 	C:\Windows\System32\ucrtbase.dll
0x00007ffa55d00000 - 0x00007ffa55d18000 	C:\Program Files\Java\jdk-18\bin\jli.dll
0x00007ffa554f0000 - 0x00007ffa5550a000 	C:\Program Files\Java\jdk-18\bin\VCRUNTIME140.dll
0x00007ffa83d30000 - 0x00007ffa83ec7000 	C:\Windows\System32\USER32.dll
0x00007ffa60250000 - 0x00007ffa604c9000 	C:\Windows\WinSxS\amd64_microsoft.windows.common-controls_6595b64144ccf1df_6.0.17763.2928_none_de6f2d70534d3d29\COMCTL32.dll
0x00007ffa83680000 - 0x00007ffa839ad000 	C:\Windows\System32\combase.dll
0x00007ffa82940000 - 0x00007ffa82960000 	C:\Windows\System32\win32u.dll
0x00007ffa853d0000 - 0x00007ffa853f9000 	C:\Windows\System32\GDI32.dll
0x00007ffa81c80000 - 0x00007ffa81d02000 	C:\Windows\System32\bcryptPrimitives.dll
0x00007ffa81a70000 - 0x00007ffa81c0c000 	C:\Windows\System32\gdi32full.dll
0x00007ffa82880000 - 0x00007ffa82920000 	C:\Windows\System32\msvcp_win.dll
0x00007ffa815f0000 - 0x00007ffa815fa000 	C:\Windows\SYSTEM32\VERSION.dll
0x00007ffa83a10000 - 0x00007ffa83a3e000 	C:\Windows\System32\IMM32.DLL
0x00007ffa5c8a0000 - 0x00007ffa5c8ac000 	C:\Program Files\Java\jdk-18\bin\vcruntime140_1.dll
0x00007ffa47a00000 - 0x00007ffa47a8d000 	C:\Program Files\Java\jdk-18\bin\msvcp140.dll
0x00007ffa3bc60000 - 0x00007ffa3c871000 	C:\Program Files\Java\jdk-18\bin\server\jvm.dll
0x00007ffa82ce0000 - 0x00007ffa82ce8000 	C:\Windows\System32\PSAPI.DLL
0x00007ffa74f80000 - 0x00007ffa74f89000 	C:\Windows\SYSTEM32\WSOCK32.dll
0x00007ffa82c10000 - 0x00007ffa82c7d000 	C:\Windows\System32\WS2_32.dll
0x00007ffa7f940000 - 0x00007ffa7f964000 	C:\Windows\SYSTEM32\WINMM.dll
0x00007ffa7f910000 - 0x00007ffa7f93d000 	C:\Windows\SYSTEM32\WINMMBASE.dll
0x00007ffa82590000 - 0x00007ffa825da000 	C:\Windows\System32\cfgmgr32.dll
0x00007ffa81a00000 - 0x00007ffa81a11000 	C:\Windows\System32\kernel.appcore.dll
0x00007ffa59320000 - 0x00007ffa5932a000 	C:\Program Files\Java\jdk-18\bin\jimage.dll
0x00007ffa75770000 - 0x00007ffa7595d000 	C:\Windows\SYSTEM32\DBGHELP.DLL
0x00007ffa75740000 - 0x00007ffa7576a000 	C:\Windows\SYSTEM32\dbgcore.DLL
0x00007ffa511f0000 - 0x00007ffa51215000 	C:\Program Files\Java\jdk-18\bin\java.dll
0x00007ffa45b30000 - 0x00007ffa45c06000 	C:\Program Files\Java\jdk-18\bin\jsvml.dll
0x00007ffa83ed0000 - 0x00007ffa853c9000 	C:\Windows\System32\SHELL32.dll
0x00007ffa83a40000 - 0x00007ffa83ae8000 	C:\Windows\System32\shcore.dll
0x00007ffa81e40000 - 0x00007ffa82588000 	C:\Windows\System32\windows.storage.dll
0x00007ffa81a20000 - 0x00007ffa81a44000 	C:\Windows\System32\profapi.dll
0x00007ffa819a0000 - 0x00007ffa819fd000 	C:\Windows\System32\powrprof.dll
0x00007ffa85530000 - 0x00007ffa85582000 	C:\Windows\System32\shlwapi.dll
0x00007ffa82920000 - 0x00007ffa82937000 	C:\Windows\System32\cryptsp.dll
0x00007ffa531f0000 - 0x00007ffa53203000 	C:\Program Files\Java\jdk-18\bin\net.dll
0x00007ffa7b200000 - 0x00007ffa7b2f1000 	C:\Windows\SYSTEM32\WINHTTP.dll
0x00007ffa80fe0000 - 0x00007ffa81047000 	C:\Windows\system32\mswsock.dll
0x00007ffa52a80000 - 0x00007ffa52a96000 	C:\Program Files\Java\jdk-18\bin\nio.dll
0x00007ffa529c0000 - 0x00007ffa529d8000 	C:\Program Files\Java\jdk-18\bin\zip.dll
0x00007ffa560b0000 - 0x00007ffa560c0000 	C:\Program Files\Java\jdk-18\bin\verify.dll
0x00007ffa69640000 - 0x00007ffa69649000 	C:\Program Files\Java\jdk-18\bin\management.dll
0x00007ffa608f0000 - 0x00007ffa608fb000 	C:\Program Files\Java\jdk-18\bin\management_ext.dll
0x00007ffa71360000 - 0x00007ffa71376000 	C:\Windows\system32\napinsp.dll
0x00007ffa80d40000 - 0x00007ffa80e06000 	C:\Windows\SYSTEM32\DNSAPI.dll
0x00007ffa858a0000 - 0x00007ffa858a8000 	C:\Windows\System32\NSI.dll
0x00007ffa80cf0000 - 0x00007ffa80d2e000 	C:\Windows\SYSTEM32\IPHLPAPI.DLL
0x00007ffa71380000 - 0x00007ffa7138e000 	C:\Windows\System32\winrnr.dll
0x00007ffa7a1a0000 - 0x00007ffa7a1bb000 	C:\Windows\system32\NLAapi.dll
0x00007ffa71c10000 - 0x00007ffa71c25000 	C:\Windows\system32\wshbth.dll
0x00007ffa794e0000 - 0x00007ffa794ea000 	C:\Windows\System32\rasadhlp.dll
0x00007ffa7ce70000 - 0x00007ffa7cee9000 	C:\Windows\System32\fwpuclnt.dll
0x00007ffa81d10000 - 0x00007ffa81d36000 	C:\Windows\System32\bcrypt.dll
0x00007ffa80b60000 - 0x00007ffa80b93000 	C:\Windows\system32\rsaenh.dll
0x00007ffa818a0000 - 0x00007ffa818c9000 	C:\Windows\SYSTEM32\USERENV.dll
0x00007ffa811b0000 - 0x00007ffa811bc000 	C:\Windows\SYSTEM32\CRYPTBASE.dll
0x00007ffa7cf30000 - 0x00007ffa7cf46000 	C:\Windows\SYSTEM32\dhcpcsvc6.DLL
0x00007ffa7cef0000 - 0x00007ffa7cf0c000 	C:\Windows\SYSTEM32\dhcpcsvc.DLL
0x00007ffa5cb20000 - 0x00007ffa5cb2e000 	C:\Program Files\Java\jdk-18\bin\sunmscapi.dll
0x00007ffa82960000 - 0x00007ffa82b55000 	C:\Windows\System32\CRYPT32.dll
0x00007ffa81a50000 - 0x00007ffa81a62000 	C:\Windows\System32\MSASN1.dll
0x00007ffa812b0000 - 0x00007ffa812d6000 	C:\Windows\SYSTEM32\ncrypt.dll
0x00007ffa81270000 - 0x00007ffa812ac000 	C:\Windows\SYSTEM32\NTASN1.dll

dbghelp: loaded successfully - version: 4.0.5 - missing functions: none
symbol engine: initialized successfully - sym options: 0x614 - pdb path: .;C:\Program Files\Java\jdk-18\bin;C:\Windows\SYSTEM32;C:\Program Files\SentinelOne\Sentinel Agent 21.7.5.1080;C:\Windows\WinSxS\amd64_microsoft.windows.common-controls_6595b64144ccf1df_6.0.17763.2928_none_de6f2d70534d3d29;C:\Program Files\Java\jdk-18\bin\server

VM Arguments:
jvm_args: -Dfile.encoding=windows-1252 
java_command: F:\BitBucket\credit-assessment-api\target\credit-assessment-rest.war
java_class_path (initial): F:\BitBucket\credit-assessment-api\target\credit-assessment-rest.war
Launcher Type: SUN_STANDARD

[Global flags]
     intx CICompilerCount                          = 4                                         {product} {ergonomic}
     uint ConcGCThreads                            = 2                                         {product} {ergonomic}
     uint G1ConcRefinementThreads                  = 8                                         {product} {ergonomic}
   size_t G1HeapRegionSize                         = 4194304                                   {product} {ergonomic}
    uintx GCDrainStackTargetSize                   = 64                                        {product} {ergonomic}
   size_t InitialHeapSize                          = 536870912                                 {product} {ergonomic}
   size_t MarkStackSize                            = 4194304                                   {product} {ergonomic}
   size_t MaxHeapSize                              = 8589934592                                {product} {ergonomic}
   size_t MaxNewSize                               = 5150605312                                {product} {ergonomic}
   size_t MinHeapDeltaBytes                        = 4194304                                   {product} {ergonomic}
   size_t MinHeapSize                              = 8388608                                   {product} {ergonomic}
    uintx NonNMethodCodeHeapSize                   = 5839372                                {pd product} {ergonomic}
    uintx NonProfiledCodeHeapSize                  = 122909434                              {pd product} {ergonomic}
    uintx ProfiledCodeHeapSize                     = 122909434                              {pd product} {ergonomic}
    uintx ReservedCodeCacheSize                    = 251658240                              {pd product} {ergonomic}
     bool SegmentedCodeCache                       = true                                      {product} {ergonomic}
   size_t SoftMaxHeapSize                          = 8589934592                             {manageable} {ergonomic}
     bool UseCompressedClassPointers               = true                           {product lp64_product} {ergonomic}
     bool UseCompressedOops                        = true                           {product lp64_product} {ergonomic}
     bool UseG1GC                                  = true                                      {product} {ergonomic}
     bool UseLargePagesIndividualAllocation        = false                                  {pd product} {ergonomic}

Logging:
Log output configuration:
 #0: stdout all=warning uptime,level,tags foldmultilines=false
 #1: stderr all=off uptime,level,tags foldmultilines=false

Environment Variables:
PATH=C:\Program Files\Common Files\Oracle\Java\javapath;C:\Windows\system32;C:\Windows;C:\Windows\System32\Wbem;C:\Windows\System32\WindowsPowerShell\v1.0\;C:\Windows\System32\OpenSSH\;C:\Program Files (x86)\Microsoft SQL Server\130\DTS\Binn\;C:\Program Files\Microsoft SQL Server\130\DTS\Binn\;C:\Program Files\Microsoft SQL Server\Client SDK\ODBC\130\Tools\Binn\;C:\Program Files (x86)\Microsoft SQL Server\130\Tools\Binn\;C:\Program Files\Microsoft SQL Server\130\Tools\Binn\;C:\Program Files (x86)\Microsoft SQL Server\150\DTS\Binn\;C:\Program Files\Azure Data Studio\bin;C:\Program Files\Microsoft\Web Platform Installer\;C:\Program Files\Git\cmd;C:\Program Files\nodejs\;C:\Users\chris.m_FUTBC\AppData\Local\Microsoft\WindowsApps;C:\Users\chris.m_FUTBC\AppData\Local\Programs\Microsoft VS Code\bin;C:\Users\chris.m_FUTBC\AppData\Roaming\npm
USERNAME=chris.m_FUTBC
OS=Windows_NT
PROCESSOR_IDENTIFIER=Intel64 Family 6 Model 45 Stepping 7, GenuineIntel



---------------  S Y S T E M  ---------------

OS:
 Windows Server 2019 , 64 bit Build 17763 (10.0.17763.2928)
OS uptime: 5 days 17:14 hours
VMWare virtualization detected

CPU: total 8 (initial active 8) (2 cores per cpu, 1 threads per core) family 6 model 45 stepping 7 microcode 0x71a, cx8, cmov, fxsr, mmx, sse, sse2, sse3, ssse3, sse4.1, sse4.2, popcnt, tsc, tscinvbit, avx, aes, clmul, vzeroupper, clflush, hv

Memory: 4k page, system-wide physical 32766M (5028M free)
TotalPageFile size 48049M (AvailPageFile size 4M)
current process WorkingSet (physical memory assigned to process): 440M, peak: 441M
current process commit charge ("private bytes"): 480M, peak: 703M

vm_info: Java HotSpot(TM) 64-Bit Server VM (18+36-2087) for windows-amd64 JRE (18+36-2087), built on Feb 15 2022 09:43:11 by "mach5one" with MS VC++ 16.8 / 16.9 (VS2019)

END.
